TN:
SF:/Users/asouza/grommet-workspace/grommet-theme-hpe/src/js/index.js
FN:4,(anonymous_0)
FN:7,(anonymous_1)
FN:9,(anonymous_2)
FN:30,(anonymous_3)
FN:31,(anonymous_4)
FN:37,(anonymous_5)
FN:96,(anonymous_6)
FN:97,(anonymous_7)
FNF:8
FNH:6
FNDA:6,(anonymous_0)
FNDA:1,(anonymous_1)
FNDA:6,(anonymous_2)
FNDA:2,(anonymous_3)
FNDA:7,(anonymous_4)
FNDA:6,(anonymous_5)
FNDA:0,(anonymous_6)
FNDA:0,(anonymous_7)
DA:4,1
DA:5,6
DA:7,1
DA:8,1
DA:9,6
DA:11,1
DA:14,1
DA:15,1
DA:16,1
DA:25,1
DA:30,1
DA:31,2
DA:32,7
DA:35,1
DA:36,1
DA:37,1
DA:38,6
DA:41,1
DA:96,0
DA:97,0
LF:20
LH:18
BRDA:5,0,0,6
BRDA:5,0,1,6
BRDA:5,0,2,6
BRDA:9,1,0,6
BRDA:9,1,1,6
BRDA:9,1,2,6
BRF:6
BRH:6
end_of_record
